<?xml version="1.0" encoding="UTF-8"?>
<testng-results skipped="0" failed="0" ignored="0" total="1" passed="1">
  <reporter-output>
  </reporter-output>
  <suite name="Suite" duration-ms="13168" started-at="2019-05-20T19:55:27Z" finished-at="2019-05-20T19:55:41Z">
    <groups>
    </groups>
    <test name="Test" duration-ms="13168" started-at="2019-05-20T19:55:27Z" finished-at="2019-05-20T19:55:41Z">
      <class name="demo.DemoAmazonPOM2Style">
        <test-method status="PASS" signature="invokeBrowser()[pri:0, instance:demo.DemoAmazonPOM2Style@6a41eaa2]" name="invokeBrowser" is-config="true" duration-ms="9225" started-at="2019-05-20T19:55:28Z" finished-at="2019-05-20T19:55:37Z">
          <reporter-output>
          </reporter-output>
        </test-method> <!-- invokeBrowser -->
        <test-method status="PASS" signature="searchProduct()[pri:0, instance:demo.DemoAmazonPOM2Style@6a41eaa2]" name="searchProduct" duration-ms="3917" started-at="2019-05-20T19:55:37Z" finished-at="2019-05-20T19:55:41Z">
          <reporter-output>
          </reporter-output>
        </test-method> <!-- searchProduct -->
      </class> <!-- demo.DemoAmazonPOM2Style -->
    </test> <!-- Test -->
  </suite> <!-- Suite -->
</testng-results>
